  Main.cpp
C:\Users\anuwat\source\repos\CSGO_Aimbot_01\CSGO_Aimbot_01\Main.cpp(89,29): warning C4099: 'Vector3': type name first seen using 'class' now seen using 'struct'
C:\Users\anuwat\source\repos\CSGO_Aimbot_01\CSGO_Aimbot_01\Main.cpp(39): message : see declaration of 'Vector3'
C:\Users\anuwat\source\repos\CSGO_Aimbot_01\CSGO_Aimbot_01\Main.cpp(89,54): warning C4099: 'Vector3': type name first seen using 'class' now seen using 'struct'
C:\Users\anuwat\source\repos\CSGO_Aimbot_01\CSGO_Aimbot_01\Main.cpp(89): message : see declaration of 'Vector3'
C:\Users\anuwat\source\repos\CSGO_Aimbot_01\CSGO_Aimbot_01\Main.cpp(90,20): warning C4099: 'Vector3': type name first seen using 'class' now seen using 'struct'
C:\Users\anuwat\source\repos\CSGO_Aimbot_01\CSGO_Aimbot_01\Main.cpp(89): message : see declaration of 'Vector3'
C:\Users\anuwat\source\repos\CSGO_Aimbot_01\CSGO_Aimbot_01\Main.cpp(108,13): warning C4244: 'return': conversion from 'double' to 'float', possible loss of data
C:\Users\anuwat\source\repos\CSGO_Aimbot_01\CSGO_Aimbot_01\Main.cpp(123,39): warning C4244: 'argument': conversion from 'float' to 'int', possible loss of data
C:\Users\anuwat\source\repos\CSGO_Aimbot_01\CSGO_Aimbot_01\Main.cpp(123,27): warning C4244: 'argument': conversion from 'float' to 'int', possible loss of data
C:\Users\anuwat\source\repos\CSGO_Aimbot_01\CSGO_Aimbot_01\Main.cpp(138,24): warning C4244: 'argument': conversion from 'float' to 'int', possible loss of data
C:\Users\anuwat\source\repos\CSGO_Aimbot_01\CSGO_Aimbot_01\Main.cpp(138,16): warning C4244: 'argument': conversion from 'float' to 'int', possible loss of data
C:\Users\anuwat\source\repos\CSGO_Aimbot_01\CSGO_Aimbot_01\Main.cpp(139,24): warning C4244: 'argument': conversion from 'float' to 'int', possible loss of data
C:\Users\anuwat\source\repos\CSGO_Aimbot_01\CSGO_Aimbot_01\Main.cpp(139,18): warning C4244: 'argument': conversion from 'float' to 'int', possible loss of data
C:\Users\anuwat\source\repos\CSGO_Aimbot_01\CSGO_Aimbot_01\Main.cpp(160,20): warning C4244: 'argument': conversion from 'const int' to 'float', possible loss of data
C:\Users\anuwat\source\repos\CSGO_Aimbot_01\CSGO_Aimbot_01\Main.cpp(160,12): warning C4244: 'argument': conversion from 'const int' to 'float', possible loss of data
C:\Users\anuwat\source\repos\CSGO_Aimbot_01\CSGO_Aimbot_01\Main.cpp(163,49): warning C4244: 'argument': conversion from 'float' to 'int', possible loss of data
C:\Users\anuwat\source\repos\CSGO_Aimbot_01\CSGO_Aimbot_01\Main.cpp(163,31): warning C4244: 'argument': conversion from 'float' to 'int', possible loss of data
C:\Users\anuwat\source\repos\CSGO_Aimbot_01\CSGO_Aimbot_01\Main.cpp(31): warning C4715: 'GetModuleBaseAddress': not all control paths return a value
  CSGO_Aimbot_01.vcxproj -> C:\Users\anuwat\source\repos\CSGO_Aimbot_01\Debug\CSGO_Aimbot_01.exe
